C:\Users\Josipa\source\repos\Diplomski.Server\Diplomski.Server\diplomskiWebApp\diplomskiWebApp\dist\out-tsc\e2e\src\app.po.js
C:\Users\Josipa\source\repos\Diplomski.Server\Diplomski.Server\diplomskiWebApp\diplomskiWebApp\dist\out-tsc\e2e\src\app.po.js.map
C:\Users\Josipa\source\repos\Diplomski.Server\Diplomski.Server\diplomskiWebApp\diplomskiWebApp\dist\out-tsc\e2e\src\app.e2e-spec.js
C:\Users\Josipa\source\repos\Diplomski.Server\Diplomski.Server\diplomskiWebApp\diplomskiWebApp\dist\out-tsc\e2e\src\app.e2e-spec.js.map
C:\Users\Josipa\source\repos\Diplomski.Server\Diplomski.Server\diplomskiWebApp\diplomskiWebApp\dist\out-tsc\src\environments\environment.js
C:\Users\Josipa\source\repos\Diplomski.Server\Diplomski.Server\diplomskiWebApp\diplomskiWebApp\dist\out-tsc\src\environments\environment.js.map
C:\Users\Josipa\source\repos\Diplomski.Server\Diplomski.Server\diplomskiWebApp\diplomskiWebApp\dist\out-tsc\src\app\models\Oglas.js
C:\Users\Josipa\source\repos\Diplomski.Server\Diplomski.Server\diplomskiWebApp\diplomskiWebApp\dist\out-tsc\src\app\models\Oglas.js.map
C:\Users\Josipa\source\repos\Diplomski.Server\Diplomski.Server\diplomskiWebApp\diplomskiWebApp\dist\out-tsc\src\app\login\login.component.js
C:\Users\Josipa\source\repos\Diplomski.Server\Diplomski.Server\diplomskiWebApp\diplomskiWebApp\dist\out-tsc\src\app\login\login.component.js.map
C:\Users\Josipa\source\repos\Diplomski.Server\Diplomski.Server\diplomskiWebApp\diplomskiWebApp\dist\out-tsc\src\app\services\auth.service.js
C:\Users\Josipa\source\repos\Diplomski.Server\Diplomski.Server\diplomskiWebApp\diplomskiWebApp\dist\out-tsc\src\app\services\auth.service.js.map
C:\Users\Josipa\source\repos\Diplomski.Server\Diplomski.Server\diplomskiWebApp\diplomskiWebApp\dist\out-tsc\src\app\models\Poslodavac.js
C:\Users\Josipa\source\repos\Diplomski.Server\Diplomski.Server\diplomskiWebApp\diplomskiWebApp\dist\out-tsc\src\app\models\Poslodavac.js.map
C:\Users\Josipa\source\repos\Diplomski.Server\Diplomski.Server\diplomskiWebApp\diplomskiWebApp\dist\out-tsc\src\app\services\oglas.service.js
C:\Users\Josipa\source\repos\Diplomski.Server\Diplomski.Server\diplomskiWebApp\diplomskiWebApp\dist\out-tsc\src\app\services\oglas.service.js.map
C:\Users\Josipa\source\repos\Diplomski.Server\Diplomski.Server\diplomskiWebApp\diplomskiWebApp\dist\out-tsc\src\app\createoglas\createoglas.component.js
C:\Users\Josipa\source\repos\Diplomski.Server\Diplomski.Server\diplomskiWebApp\diplomskiWebApp\dist\out-tsc\src\app\createoglas\createoglas.component.js.map
C:\Users\Josipa\source\repos\Diplomski.Server\Diplomski.Server\diplomskiWebApp\diplomskiWebApp\dist\out-tsc\src\app\services\kandidat.service.js
C:\Users\Josipa\source\repos\Diplomski.Server\Diplomski.Server\diplomskiWebApp\diplomskiWebApp\dist\out-tsc\src\app\services\kandidat.service.js.map
C:\Users\Josipa\source\repos\Diplomski.Server\Diplomski.Server\diplomskiWebApp\diplomskiWebApp\dist\out-tsc\src\app\details-kandidat\details-kandidat.component.js
C:\Users\Josipa\source\repos\Diplomski.Server\Diplomski.Server\diplomskiWebApp\diplomskiWebApp\dist\out-tsc\src\app\details-kandidat\details-kandidat.component.js.map
C:\Users\Josipa\source\repos\Diplomski.Server\Diplomski.Server\diplomskiWebApp\diplomskiWebApp\dist\out-tsc\src\app\details-oglas\details-oglas.component.js
C:\Users\Josipa\source\repos\Diplomski.Server\Diplomski.Server\diplomskiWebApp\diplomskiWebApp\dist\out-tsc\src\app\details-oglas\details-oglas.component.js.map
C:\Users\Josipa\source\repos\Diplomski.Server\Diplomski.Server\diplomskiWebApp\diplomskiWebApp\dist\out-tsc\src\app\services\poslodavac.service.js
C:\Users\Josipa\source\repos\Diplomski.Server\Diplomski.Server\diplomskiWebApp\diplomskiWebApp\dist\out-tsc\src\app\services\poslodavac.service.js.map
C:\Users\Josipa\source\repos\Diplomski.Server\Diplomski.Server\diplomskiWebApp\diplomskiWebApp\dist\out-tsc\src\app\details-poslodavac\details-poslodavac.component.js
C:\Users\Josipa\source\repos\Diplomski.Server\Diplomski.Server\diplomskiWebApp\diplomskiWebApp\dist\out-tsc\src\app\details-poslodavac\details-poslodavac.component.js.map
C:\Users\Josipa\source\repos\Diplomski.Server\Diplomski.Server\diplomskiWebApp\diplomskiWebApp\dist\out-tsc\src\app\edit-kandidat\edit-kandidat.component.js
C:\Users\Josipa\source\repos\Diplomski.Server\Diplomski.Server\diplomskiWebApp\diplomskiWebApp\dist\out-tsc\src\app\edit-kandidat\edit-kandidat.component.js.map
C:\Users\Josipa\source\repos\Diplomski.Server\Diplomski.Server\diplomskiWebApp\diplomskiWebApp\dist\out-tsc\src\app\edit-oglas\edit-oglas.component.js
C:\Users\Josipa\source\repos\Diplomski.Server\Diplomski.Server\diplomskiWebApp\diplomskiWebApp\dist\out-tsc\src\app\edit-oglas\edit-oglas.component.js.map
C:\Users\Josipa\source\repos\Diplomski.Server\Diplomski.Server\diplomskiWebApp\diplomskiWebApp\dist\out-tsc\src\app\edit-poslodavac\edit-poslodavac.component.js
C:\Users\Josipa\source\repos\Diplomski.Server\Diplomski.Server\diplomskiWebApp\diplomskiWebApp\dist\out-tsc\src\app\edit-poslodavac\edit-poslodavac.component.js.map
C:\Users\Josipa\source\repos\Diplomski.Server\Diplomski.Server\diplomskiWebApp\diplomskiWebApp\dist\out-tsc\src\app\kandidati-oglas\kandidati-oglas.component.js
C:\Users\Josipa\source\repos\Diplomski.Server\Diplomski.Server\diplomskiWebApp\diplomskiWebApp\dist\out-tsc\src\app\kandidati-oglas\kandidati-oglas.component.js.map
C:\Users\Josipa\source\repos\Diplomski.Server\Diplomski.Server\diplomskiWebApp\diplomskiWebApp\dist\out-tsc\src\app\kandidati-poslodavac\kandidati-poslodavac.component.js
C:\Users\Josipa\source\repos\Diplomski.Server\Diplomski.Server\diplomskiWebApp\diplomskiWebApp\dist\out-tsc\src\app\kandidati-poslodavac\kandidati-poslodavac.component.js.map
C:\Users\Josipa\source\repos\Diplomski.Server\Diplomski.Server\diplomskiWebApp\diplomskiWebApp\dist\out-tsc\src\app\list-all-oglas\list-all-oglas.component.js
C:\Users\Josipa\source\repos\Diplomski.Server\Diplomski.Server\diplomskiWebApp\diplomskiWebApp\dist\out-tsc\src\app\list-all-oglas\list-all-oglas.component.js.map
C:\Users\Josipa\source\repos\Diplomski.Server\Diplomski.Server\diplomskiWebApp\diplomskiWebApp\dist\out-tsc\src\app\list-kandidati\list-kandidati.component.js
C:\Users\Josipa\source\repos\Diplomski.Server\Diplomski.Server\diplomskiWebApp\diplomskiWebApp\dist\out-tsc\src\app\list-kandidati\list-kandidati.component.js.map
C:\Users\Josipa\source\repos\Diplomski.Server\Diplomski.Server\diplomskiWebApp\diplomskiWebApp\dist\out-tsc\src\app\list-oglas\list-oglas.component.js
C:\Users\Josipa\source\repos\Diplomski.Server\Diplomski.Server\diplomskiWebApp\diplomskiWebApp\dist\out-tsc\src\app\list-oglas\list-oglas.component.js.map
C:\Users\Josipa\source\repos\Diplomski.Server\Diplomski.Server\diplomskiWebApp\diplomskiWebApp\dist\out-tsc\src\app\list-poslodavci\list-poslodavci.component.js
C:\Users\Josipa\source\repos\Diplomski.Server\Diplomski.Server\diplomskiWebApp\diplomskiWebApp\dist\out-tsc\src\app\list-poslodavci\list-poslodavci.component.js.map
C:\Users\Josipa\source\repos\Diplomski.Server\Diplomski.Server\diplomskiWebApp\diplomskiWebApp\dist\out-tsc\src\app\my-prijave-list\my-prijave-list.component.js
C:\Users\Josipa\source\repos\Diplomski.Server\Diplomski.Server\diplomskiWebApp\diplomskiWebApp\dist\out-tsc\src\app\my-prijave-list\my-prijave-list.component.js.map
C:\Users\Josipa\source\repos\Diplomski.Server\Diplomski.Server\diplomskiWebApp\diplomskiWebApp\dist\out-tsc\src\app\obavijest-list\obavijest-list.component.js
C:\Users\Josipa\source\repos\Diplomski.Server\Diplomski.Server\diplomskiWebApp\diplomskiWebApp\dist\out-tsc\src\app\obavijest-list\obavijest-list.component.js.map
C:\Users\Josipa\source\repos\Diplomski.Server\Diplomski.Server\diplomskiWebApp\diplomskiWebApp\dist\out-tsc\src\app\politika-privatnosti\politika-privatnosti.component.js
C:\Users\Josipa\source\repos\Diplomski.Server\Diplomski.Server\diplomskiWebApp\diplomskiWebApp\dist\out-tsc\src\app\politika-privatnosti\politika-privatnosti.component.js.map
C:\Users\Josipa\source\repos\Diplomski.Server\Diplomski.Server\diplomskiWebApp\diplomskiWebApp\dist\out-tsc\src\app\poslodavac-oglas\poslodavac-oglas.component.js
C:\Users\Josipa\source\repos\Diplomski.Server\Diplomski.Server\diplomskiWebApp\diplomskiWebApp\dist\out-tsc\src\app\poslodavac-oglas\poslodavac-oglas.component.js.map
C:\Users\Josipa\source\repos\Diplomski.Server\Diplomski.Server\diplomskiWebApp\diplomskiWebApp\dist\out-tsc\src\app\register\register.component.js
C:\Users\Josipa\source\repos\Diplomski.Server\Diplomski.Server\diplomskiWebApp\diplomskiWebApp\dist\out-tsc\src\app\register\register.component.js.map
C:\Users\Josipa\source\repos\Diplomski.Server\Diplomski.Server\diplomskiWebApp\diplomskiWebApp\dist\out-tsc\src\app\services\auth-guard.service.js
C:\Users\Josipa\source\repos\Diplomski.Server\Diplomski.Server\diplomskiWebApp\diplomskiWebApp\dist\out-tsc\src\app\services\auth-guard.service.js.map
C:\Users\Josipa\source\repos\Diplomski.Server\Diplomski.Server\diplomskiWebApp\diplomskiWebApp\dist\out-tsc\src\app\uvjeti-koristenja\uvjeti-koristenja.component.js
C:\Users\Josipa\source\repos\Diplomski.Server\Diplomski.Server\diplomskiWebApp\diplomskiWebApp\dist\out-tsc\src\app\uvjeti-koristenja\uvjeti-koristenja.component.js.map
C:\Users\Josipa\source\repos\Diplomski.Server\Diplomski.Server\diplomskiWebApp\diplomskiWebApp\dist\out-tsc\src\app\app-routing.module.js
C:\Users\Josipa\source\repos\Diplomski.Server\Diplomski.Server\diplomskiWebApp\diplomskiWebApp\dist\out-tsc\src\app\app-routing.module.js.map
C:\Users\Josipa\source\repos\Diplomski.Server\Diplomski.Server\diplomskiWebApp\diplomskiWebApp\dist\out-tsc\src\app\app.component.js
C:\Users\Josipa\source\repos\Diplomski.Server\Diplomski.Server\diplomskiWebApp\diplomskiWebApp\dist\out-tsc\src\app\app.component.js.map
C:\Users\Josipa\source\repos\Diplomski.Server\Diplomski.Server\diplomskiWebApp\diplomskiWebApp\dist\out-tsc\src\app\services\token-interceptor.service.js
C:\Users\Josipa\source\repos\Diplomski.Server\Diplomski.Server\diplomskiWebApp\diplomskiWebApp\dist\out-tsc\src\app\services\token-interceptor.service.js.map
C:\Users\Josipa\source\repos\Diplomski.Server\Diplomski.Server\diplomskiWebApp\diplomskiWebApp\dist\out-tsc\src\app\services\error-interceptor.service.js
C:\Users\Josipa\source\repos\Diplomski.Server\Diplomski.Server\diplomskiWebApp\diplomskiWebApp\dist\out-tsc\src\app\services\error-interceptor.service.js.map
C:\Users\Josipa\source\repos\Diplomski.Server\Diplomski.Server\diplomskiWebApp\diplomskiWebApp\dist\out-tsc\src\app\app.module.js
C:\Users\Josipa\source\repos\Diplomski.Server\Diplomski.Server\diplomskiWebApp\diplomskiWebApp\dist\out-tsc\src\app\app.module.js.map
C:\Users\Josipa\source\repos\Diplomski.Server\Diplomski.Server\diplomskiWebApp\diplomskiWebApp\dist\out-tsc\src\main.js
C:\Users\Josipa\source\repos\Diplomski.Server\Diplomski.Server\diplomskiWebApp\diplomskiWebApp\dist\out-tsc\src\main.js.map
C:\Users\Josipa\source\repos\Diplomski.Server\Diplomski.Server\diplomskiWebApp\diplomskiWebApp\dist\out-tsc\src\polyfills.js
C:\Users\Josipa\source\repos\Diplomski.Server\Diplomski.Server\diplomskiWebApp\diplomskiWebApp\dist\out-tsc\src\polyfills.js.map
C:\Users\Josipa\source\repos\Diplomski.Server\Diplomski.Server\diplomskiWebApp\diplomskiWebApp\dist\out-tsc\src\test.js
C:\Users\Josipa\source\repos\Diplomski.Server\Diplomski.Server\diplomskiWebApp\diplomskiWebApp\dist\out-tsc\src\test.js.map
C:\Users\Josipa\source\repos\Diplomski.Server\Diplomski.Server\diplomskiWebApp\diplomskiWebApp\dist\out-tsc\src\app\app.component.spec.js
C:\Users\Josipa\source\repos\Diplomski.Server\Diplomski.Server\diplomskiWebApp\diplomskiWebApp\dist\out-tsc\src\app\app.component.spec.js.map
C:\Users\Josipa\source\repos\Diplomski.Server\Diplomski.Server\diplomskiWebApp\diplomskiWebApp\dist\out-tsc\src\app\createoglas\createoglas.component.spec.js
C:\Users\Josipa\source\repos\Diplomski.Server\Diplomski.Server\diplomskiWebApp\diplomskiWebApp\dist\out-tsc\src\app\createoglas\createoglas.component.spec.js.map
C:\Users\Josipa\source\repos\Diplomski.Server\Diplomski.Server\diplomskiWebApp\diplomskiWebApp\dist\out-tsc\src\app\details-kandidat\details-kandidat.component.spec.js
C:\Users\Josipa\source\repos\Diplomski.Server\Diplomski.Server\diplomskiWebApp\diplomskiWebApp\dist\out-tsc\src\app\details-kandidat\details-kandidat.component.spec.js.map
C:\Users\Josipa\source\repos\Diplomski.Server\Diplomski.Server\diplomskiWebApp\diplomskiWebApp\dist\out-tsc\src\app\details-oglas\details-oglas.component.spec.js
C:\Users\Josipa\source\repos\Diplomski.Server\Diplomski.Server\diplomskiWebApp\diplomskiWebApp\dist\out-tsc\src\app\details-oglas\details-oglas.component.spec.js.map
C:\Users\Josipa\source\repos\Diplomski.Server\Diplomski.Server\diplomskiWebApp\diplomskiWebApp\dist\out-tsc\src\app\details-poslodavac\details-poslodavac.component.spec.js
C:\Users\Josipa\source\repos\Diplomski.Server\Diplomski.Server\diplomskiWebApp\diplomskiWebApp\dist\out-tsc\src\app\details-poslodavac\details-poslodavac.component.spec.js.map
C:\Users\Josipa\source\repos\Diplomski.Server\Diplomski.Server\diplomskiWebApp\diplomskiWebApp\dist\out-tsc\src\app\edit-kandidat\edit-kandidat.component.spec.js
C:\Users\Josipa\source\repos\Diplomski.Server\Diplomski.Server\diplomskiWebApp\diplomskiWebApp\dist\out-tsc\src\app\edit-kandidat\edit-kandidat.component.spec.js.map
C:\Users\Josipa\source\repos\Diplomski.Server\Diplomski.Server\diplomskiWebApp\diplomskiWebApp\dist\out-tsc\src\app\edit-oglas\edit-oglas.component.spec.js
C:\Users\Josipa\source\repos\Diplomski.Server\Diplomski.Server\diplomskiWebApp\diplomskiWebApp\dist\out-tsc\src\app\edit-oglas\edit-oglas.component.spec.js.map
C:\Users\Josipa\source\repos\Diplomski.Server\Diplomski.Server\diplomskiWebApp\diplomskiWebApp\dist\out-tsc\src\app\edit-poslodavac\edit-poslodavac.component.spec.js
C:\Users\Josipa\source\repos\Diplomski.Server\Diplomski.Server\diplomskiWebApp\diplomskiWebApp\dist\out-tsc\src\app\edit-poslodavac\edit-poslodavac.component.spec.js.map
C:\Users\Josipa\source\repos\Diplomski.Server\Diplomski.Server\diplomskiWebApp\diplomskiWebApp\dist\out-tsc\src\app\kandidati-oglas\kandidati-oglas.component.spec.js
C:\Users\Josipa\source\repos\Diplomski.Server\Diplomski.Server\diplomskiWebApp\diplomskiWebApp\dist\out-tsc\src\app\kandidati-oglas\kandidati-oglas.component.spec.js.map
C:\Users\Josipa\source\repos\Diplomski.Server\Diplomski.Server\diplomskiWebApp\diplomskiWebApp\dist\out-tsc\src\app\kandidati-poslodavac\kandidati-poslodavac.component.spec.js
C:\Users\Josipa\source\repos\Diplomski.Server\Diplomski.Server\diplomskiWebApp\diplomskiWebApp\dist\out-tsc\src\app\kandidati-poslodavac\kandidati-poslodavac.component.spec.js.map
C:\Users\Josipa\source\repos\Diplomski.Server\Diplomski.Server\diplomskiWebApp\diplomskiWebApp\dist\out-tsc\src\app\list-all-oglas\list-all-oglas.component.spec.js
C:\Users\Josipa\source\repos\Diplomski.Server\Diplomski.Server\diplomskiWebApp\diplomskiWebApp\dist\out-tsc\src\app\list-all-oglas\list-all-oglas.component.spec.js.map
C:\Users\Josipa\source\repos\Diplomski.Server\Diplomski.Server\diplomskiWebApp\diplomskiWebApp\dist\out-tsc\src\app\list-kandidati\list-kandidati.component.spec.js
C:\Users\Josipa\source\repos\Diplomski.Server\Diplomski.Server\diplomskiWebApp\diplomskiWebApp\dist\out-tsc\src\app\list-kandidati\list-kandidati.component.spec.js.map
C:\Users\Josipa\source\repos\Diplomski.Server\Diplomski.Server\diplomskiWebApp\diplomskiWebApp\dist\out-tsc\src\app\list-oglas\list-oglas.component.spec.js
C:\Users\Josipa\source\repos\Diplomski.Server\Diplomski.Server\diplomskiWebApp\diplomskiWebApp\dist\out-tsc\src\app\list-oglas\list-oglas.component.spec.js.map
C:\Users\Josipa\source\repos\Diplomski.Server\Diplomski.Server\diplomskiWebApp\diplomskiWebApp\dist\out-tsc\src\app\list-poslodavci\list-poslodavci.component.spec.js
C:\Users\Josipa\source\repos\Diplomski.Server\Diplomski.Server\diplomskiWebApp\diplomskiWebApp\dist\out-tsc\src\app\list-poslodavci\list-poslodavci.component.spec.js.map
C:\Users\Josipa\source\repos\Diplomski.Server\Diplomski.Server\diplomskiWebApp\diplomskiWebApp\dist\out-tsc\src\app\login\login.component.spec.js
C:\Users\Josipa\source\repos\Diplomski.Server\Diplomski.Server\diplomskiWebApp\diplomskiWebApp\dist\out-tsc\src\app\login\login.component.spec.js.map
C:\Users\Josipa\source\repos\Diplomski.Server\Diplomski.Server\diplomskiWebApp\diplomskiWebApp\dist\out-tsc\src\app\my-prijave-list\my-prijave-list.component.spec.js
C:\Users\Josipa\source\repos\Diplomski.Server\Diplomski.Server\diplomskiWebApp\diplomskiWebApp\dist\out-tsc\src\app\my-prijave-list\my-prijave-list.component.spec.js.map
C:\Users\Josipa\source\repos\Diplomski.Server\Diplomski.Server\diplomskiWebApp\diplomskiWebApp\dist\out-tsc\src\app\obavijest-list\obavijest-list.component.spec.js
C:\Users\Josipa\source\repos\Diplomski.Server\Diplomski.Server\diplomskiWebApp\diplomskiWebApp\dist\out-tsc\src\app\obavijest-list\obavijest-list.component.spec.js.map
C:\Users\Josipa\source\repos\Diplomski.Server\Diplomski.Server\diplomskiWebApp\diplomskiWebApp\dist\out-tsc\src\app\politika-privatnosti\politika-privatnosti.component.spec.js
C:\Users\Josipa\source\repos\Diplomski.Server\Diplomski.Server\diplomskiWebApp\diplomskiWebApp\dist\out-tsc\src\app\politika-privatnosti\politika-privatnosti.component.spec.js.map
C:\Users\Josipa\source\repos\Diplomski.Server\Diplomski.Server\diplomskiWebApp\diplomskiWebApp\dist\out-tsc\src\app\poslodavac-oglas\poslodavac-oglas.component.spec.js
C:\Users\Josipa\source\repos\Diplomski.Server\Diplomski.Server\diplomskiWebApp\diplomskiWebApp\dist\out-tsc\src\app\poslodavac-oglas\poslodavac-oglas.component.spec.js.map
C:\Users\Josipa\source\repos\Diplomski.Server\Diplomski.Server\diplomskiWebApp\diplomskiWebApp\dist\out-tsc\src\app\register\register.component.spec.js
C:\Users\Josipa\source\repos\Diplomski.Server\Diplomski.Server\diplomskiWebApp\diplomskiWebApp\dist\out-tsc\src\app\register\register.component.spec.js.map
C:\Users\Josipa\source\repos\Diplomski.Server\Diplomski.Server\diplomskiWebApp\diplomskiWebApp\dist\out-tsc\src\app\services\auth-guard.service.spec.js
C:\Users\Josipa\source\repos\Diplomski.Server\Diplomski.Server\diplomskiWebApp\diplomskiWebApp\dist\out-tsc\src\app\services\auth-guard.service.spec.js.map
C:\Users\Josipa\source\repos\Diplomski.Server\Diplomski.Server\diplomskiWebApp\diplomskiWebApp\dist\out-tsc\src\app\services\auth.service.spec.js
C:\Users\Josipa\source\repos\Diplomski.Server\Diplomski.Server\diplomskiWebApp\diplomskiWebApp\dist\out-tsc\src\app\services\auth.service.spec.js.map
C:\Users\Josipa\source\repos\Diplomski.Server\Diplomski.Server\diplomskiWebApp\diplomskiWebApp\dist\out-tsc\src\app\services\error-interceptor.service.spec.js
C:\Users\Josipa\source\repos\Diplomski.Server\Diplomski.Server\diplomskiWebApp\diplomskiWebApp\dist\out-tsc\src\app\services\error-interceptor.service.spec.js.map
C:\Users\Josipa\source\repos\Diplomski.Server\Diplomski.Server\diplomskiWebApp\diplomskiWebApp\dist\out-tsc\src\app\services\kandidat.service.spec.js
C:\Users\Josipa\source\repos\Diplomski.Server\Diplomski.Server\diplomskiWebApp\diplomskiWebApp\dist\out-tsc\src\app\services\kandidat.service.spec.js.map
C:\Users\Josipa\source\repos\Diplomski.Server\Diplomski.Server\diplomskiWebApp\diplomskiWebApp\dist\out-tsc\src\app\services\oglas.service.spec.js
C:\Users\Josipa\source\repos\Diplomski.Server\Diplomski.Server\diplomskiWebApp\diplomskiWebApp\dist\out-tsc\src\app\services\oglas.service.spec.js.map
C:\Users\Josipa\source\repos\Diplomski.Server\Diplomski.Server\diplomskiWebApp\diplomskiWebApp\dist\out-tsc\src\app\services\poslodavac.service.spec.js
C:\Users\Josipa\source\repos\Diplomski.Server\Diplomski.Server\diplomskiWebApp\diplomskiWebApp\dist\out-tsc\src\app\services\poslodavac.service.spec.js.map
C:\Users\Josipa\source\repos\Diplomski.Server\Diplomski.Server\diplomskiWebApp\diplomskiWebApp\dist\out-tsc\src\app\services\token-interceptor.service.spec.js
C:\Users\Josipa\source\repos\Diplomski.Server\Diplomski.Server\diplomskiWebApp\diplomskiWebApp\dist\out-tsc\src\app\services\token-interceptor.service.spec.js.map
C:\Users\Josipa\source\repos\Diplomski.Server\Diplomski.Server\diplomskiWebApp\diplomskiWebApp\dist\out-tsc\src\app\uvjeti-koristenja\uvjeti-koristenja.component.spec.js
C:\Users\Josipa\source\repos\Diplomski.Server\Diplomski.Server\diplomskiWebApp\diplomskiWebApp\dist\out-tsc\src\app\uvjeti-koristenja\uvjeti-koristenja.component.spec.js.map
C:\Users\Josipa\source\repos\Diplomski.Server\Diplomski.Server\diplomskiWebApp\diplomskiWebApp\dist\out-tsc\src\environments\environment.prod.js
C:\Users\Josipa\source\repos\Diplomski.Server\Diplomski.Server\diplomskiWebApp\diplomskiWebApp\dist\out-tsc\src\environments\environment.prod.js.map
